<?xml version="1.0" encoding="UTF-8"?>
<!-- Generated by org.testng.reporters.JUnitReportReporter -->
<testsuite hostname="SAG-GPD8NQ2" failures="0" tests="1" name="runner.loginPageRunner" time="82.174" errors="0" timestamp="31 Mar 2021 11:13:08 GMT" skipped="0">
  <testcase classname="runner.loginPageRunner" name="runScenario" time="82.174"/>
</testsuite> <!-- runner.loginPageRunner -->
